<?xml version="1.0" encoding="UTF-8"?>
<testng-results ignored="0" total="1" passed="1" failed="0" skipped="0">
  <reporter-output>
  </reporter-output>
  <suite started-at="2022-07-21T07:38:56 IST" name="TestSuite" finished-at="2022-07-21T07:39:11 IST" duration-ms="15357">
    <groups>
    </groups>
    <test started-at="2022-07-21T07:38:56 IST" name="testName" finished-at="2022-07-21T07:39:11 IST" duration-ms="15357">
      <class name="testCases.LoginLogout">
        <test-method is-config="true" signature="startApp(java.lang.String)[pri:0, instance:testCases.LoginLogout@44ebcd03]" started-at="2022-07-21T07:38:58 IST" name="startApp" finished-at="2022-07-21T07:39:06 IST" duration-ms="8380" status="PASS">
          <params>
            <param index="0">
              <value>
                <![CDATA[https://opensource-demo.orangehrmlive.com/]]>
              </value>
            </param>
          </params>
          <reporter-output>
          </reporter-output>
        </test-method> <!-- startApp -->
        <test-method signature="runLogin(java.lang.String,java.lang.String)[pri:0, instance:testCases.LoginLogout@44ebcd03]" started-at="2022-07-21T07:39:06 IST" name="runLogin" data-provider="fetchData" finished-at="2022-07-21T07:39:11 IST" duration-ms="4651" status="PASS">
          <params>
            <param index="0">
              <value>
                <![CDATA[Admin]]>
              </value>
            </param>
            <param index="1">
              <value>
                <![CDATA[admin123]]>
              </value>
            </param>
          </params>
          <reporter-output>
          </reporter-output>
        </test-method> <!-- runLogin -->
        <test-method is-config="true" signature="closeBrowser()[pri:0, instance:testCases.LoginLogout@44ebcd03]" started-at="2022-07-21T07:39:11 IST" name="closeBrowser" finished-at="2022-07-21T07:39:11 IST" duration-ms="440" status="PASS">
          <reporter-output>
          </reporter-output>
        </test-method> <!-- closeBrowser -->
      </class> <!-- testCases.LoginLogout -->
    </test> <!-- testName -->
  </suite> <!-- TestSuite -->
</testng-results>
